<?xml version="1.0" encoding="UTF-8"?>
<!-- Generated by org.testng.reporters.JUnitReportReporter -->
<testsuite hostname="LAPTOP-1HHTK0NR" failures="0" tests="3" name="SeleniumTestingSubeka.ECommerceE2E.FirstTest" time="36.011" errors="0" timestamp="2024-09-04T00:23:08 IST" skipped="0">
  <testcase classname="SeleniumTestingSubeka.ECommerceE2E.FirstTest" name="ECommerceTesting" time="15.783"/>
  <testcase classname="SeleniumTestingSubeka.ECommerceE2E.FirstTest" name="ECommerceTesting" time="14.338"/>
  <testcase classname="SeleniumTestingSubeka.ECommerceE2E.FirstTest" name="orderCheckListValidation" time="5.890"/>
</testsuite> <!-- SeleniumTestingSubeka.ECommerceE2E.FirstTest -->
